  bd_lab_1.cpp
C:\Users\jjjjj\DBMS-based-on-MySQL\bd_lab_1\bd_lab_1.cpp(53,28): warning C4267: '=': conversion from 'size_t' to 'int', possible loss of data
C:\Users\jjjjj\DBMS-based-on-MySQL\bd_lab_1\bd_lab_1.cpp(55,30): warning C4244: '=': conversion from 'uint64_t' to 'int', possible loss of data
C:\Users\jjjjj\DBMS-based-on-MySQL\bd_lab_1\bd_lab_1.cpp(67,30): warning C4267: '=': conversion from 'size_t' to 'int', possible loss of data
D:\VisualStudio\2022\Community\VC\Tools\MSVC\14.38.33130\include\algorithm(3456,24): warning C4244: '=': conversion from 'wint_t' to 'char', possible loss of data
  (compiling source file 'bd_lab_1.cpp')
  D:\VisualStudio\2022\Community\VC\Tools\MSVC\14.38.33130\include\algorithm(3456,24):
  the template instantiation context (the oldest one first) is
  	C:\Users\jjjjj\DBMS-based-on-MySQL\bd_lab_1\bd_lab_1.cpp(16,7):
  	see reference to function template instantiation '_OutIt std::transform<std::_String_iterator<std::_String_val<std::_Simple_types<_Elem>>>,std::_String_iterator<std::_String_val<std::_Simple_types<_Elem>>>,wint_t(__cdecl *)(wint_t)>(const _InIt,const _InIt,_OutIt,_Fn)' being compiled
          with
          [
              _OutIt=std::_String_iterator<std::_String_val<std::_Simple_types<char>>>,
              _Elem=char,
              _InIt=std::_String_iterator<std::_String_val<std::_Simple_types<char>>>,
              _Fn=wint_t (__cdecl *)(wint_t)
          ]
  
  bd_lab_1.vcxproj -> C:\Users\jjjjj\DBMS-based-on-MySQL\x64\Debug\bd_lab_1.exe
  "pwsh.exe" не является внутренней или внешней
  командой, исполняемой программой или пакетным файлом.
